    ___    ________  ___                          __      __ v16.16.19
   /   |  / ____/  |/  /  _____(_)___ ___  __  __/ /___ _/ /_____  _____
  / /| | / __/ / /|_/ /  / ___/ / __ `__ \/ / / / / __ `/ __/ __ \/ ___/
 / ___ |/ /___/ /  / /  (__  ) / / / / / / /_/ / / /_/ / /_/ /_/ / /
/_/  |_/_____/_/  /_/  /____/_/_/ /_/ /_/\__,_/_/\__,_/\__/\____/_/

info: Starting AEM dev server v16.16.19
info: Local AEM dev server up and running: http://localhost:3010/
info: Enabled reverse proxy to https://main--mas--adobecom.aem.page
warn: Warning: Proxying ignored file: /.well-known/appspecific/com.chrome.devtools.json (matched by .hlxignore)
warn: [1275] Proxy GET request to https://main--mas--adobecom.aem.page/web-components/dist/lit-all.min.js.map: 404 (text/html; charset=utf-8)
warn: [1273] Proxy GET request to https://main--mas--adobecom.aem.page/studio/ost/index.js.map: 404 (text/html; charset=utf-8)
warn: [1278] Proxy GET request to https://main--mas--adobecom.aem.page/studio/ost/index.css.map: 404 (text/html; charset=utf-8)
warn: [1271] Proxy GET request to https://main--mas--adobecom.aem.page/.well-known/appspecific/com.chrome.devtools.json: 404 (text/plain;charset=UTF-8)
warn: [1277] Proxy GET request to https://main--mas--adobecom.aem.page/studio/libs/spectrum.css.map: 404 (text/html; charset=utf-8)
warn: [1274] Proxy GET request to https://main--mas--adobecom.aem.page/studio/libs/swc.js.map: 404 (text/html; charset=utf-8)
warn: [1276] Proxy GET request to https://main--mas--adobecom.aem.page/studio/libs/prosemirror.js.map: 404 (text/html; charset=utf-8)
warn: Warning: Proxying ignored file: /.well-known/appspecific/com.chrome.devtools.json (matched by .hlxignore)
warn: [1289] Proxy GET request to https://main--mas--adobecom.aem.page/.well-known/appspecific/com.chrome.devtools.json: 404 (text/plain;charset=UTF-8)
warn: [1290] Proxy GET request to https://main--mas--adobecom.aem.page/studio/ost/index.js.map: 404 (text/html; charset=utf-8)
warn: [1292] Proxy GET request to https://main--mas--adobecom.aem.page/studio/libs/swc.js.map: 404 (text/html; charset=utf-8)
warn: [1293] Proxy GET request to https://main--mas--adobecom.aem.page/studio/ost/index.css.map: 404 (text/html; charset=utf-8)
warn: [1294] Proxy GET request to https://main--mas--adobecom.aem.page/studio/libs/spectrum.css.map: 404 (text/html; charset=utf-8)
warn: [1441] Proxy GET request to https://main--mas--adobecom.aem.page/web-components/dist/lit-all.min.js.map: 404 (text/html; charset=utf-8)
warn: [1442] Proxy GET request to https://main--mas--adobecom.aem.page/studio/libs/prosemirror.js.map: 404 (text/html; charset=utf-8)
warn: Warning: Proxying ignored file: /.well-known/appspecific/com.chrome.devtools.json (matched by .hlxignore)
warn: [1456] Proxy GET request to https://main--mas--adobecom.aem.page/.well-known/appspecific/com.chrome.devtools.json: 404 (text/plain;charset=UTF-8)
warn: [1457] Proxy GET request to https://main--mas--adobecom.aem.page/studio/ost/index.js.map: 404 (text/html; charset=utf-8)
warn: [1459] Proxy GET request to https://main--mas--adobecom.aem.page/studio/libs/swc.js.map: 404 (text/html; charset=utf-8)
warn: [1460] Proxy GET request to https://main--mas--adobecom.aem.page/studio/ost/index.css.map: 404 (text/html; charset=utf-8)
warn: [1461] Proxy GET request to https://main--mas--adobecom.aem.page/studio/libs/spectrum.css.map: 404 (text/html; charset=utf-8)
warn: [1609] Proxy GET request to https://main--mas--adobecom.aem.page/studio/libs/prosemirror.js.map: 404 (text/html; charset=utf-8)
warn: [1608] Proxy GET request to https://main--mas--adobecom.aem.page/web-components/dist/lit-all.min.js.map: 404 (text/html; charset=utf-8)
warn: [1768] Proxy GET request to https://main--mas--adobecom.aem.page/web-components/dist/lit-all.min.js.map: 404 (text/html; charset=utf-8)
warn: Warning: Proxying ignored file: /.well-known/appspecific/com.chrome.devtools.json (matched by .hlxignore)
warn: [1782] Proxy GET request to https://main--mas--adobecom.aem.page/.well-known/appspecific/com.chrome.devtools.json: 404 (text/plain;charset=UTF-8)
warn: [1784] Proxy GET request to https://main--mas--adobecom.aem.page/studio/ost/index.js.map: 404 (text/html; charset=utf-8)
warn: [1785] Proxy GET request to https://main--mas--adobecom.aem.page/studio/libs/swc.js.map: 404 (text/html; charset=utf-8)
warn: [1820] Proxy GET request to https://main--mas--adobecom.aem.page/studio/libs/spectrum.css.map: 404 (text/html; charset=utf-8)
warn: [1934] Proxy GET request to https://main--mas--adobecom.aem.page/web-components/dist/lit-all.min.js.map: 404 (text/html; charset=utf-8)
warn: [1935] Proxy GET request to https://main--mas--adobecom.aem.page/studio/libs/prosemirror.js.map: 404 (text/html; charset=utf-8)
warn: [1821] Proxy GET request to https://main--mas--adobecom.aem.page/studio/ost/index.css.map: 404 (text/html; charset=utf-8)
warn: Warning: Proxying ignored file: /.well-known/appspecific/com.chrome.devtools.json (matched by .hlxignore)
warn: [1940] Proxy GET request to https://main--mas--adobecom.aem.page/.well-known/appspecific/com.chrome.devtools.json: 404 (text/plain;charset=UTF-8)
warn: [1951] Proxy GET request to https://main--mas--adobecom.aem.page/studio/libs/swc.js.map: 404 (text/html; charset=utf-8)
warn: [1950] Proxy GET request to https://main--mas--adobecom.aem.page/studio/ost/index.js.map: 404 (text/html; charset=utf-8)
warn: [1953] Proxy GET request to https://main--mas--adobecom.aem.page/studio/libs/spectrum.css.map: 404 (text/html; charset=utf-8)
warn: [1954] Proxy GET request to https://main--mas--adobecom.aem.page/studio/ost/index.css.map: 404 (text/html; charset=utf-8)
warn: [2101] Proxy GET request to https://main--mas--adobecom.aem.page/web-components/dist/lit-all.min.js.map: 404 (text/html; charset=utf-8)
warn: [2102] Proxy GET request to https://main--mas--adobecom.aem.page/studio/libs/prosemirror.js.map: 404 (text/html; charset=utf-8)
warn: [2262] Proxy GET request to https://main--mas--adobecom.aem.page/studio/libs/prosemirror.js.map: 404 (text/html; charset=utf-8)
warn: [2261] Proxy GET request to https://main--mas--adobecom.aem.page/web-components/dist/lit-all.min.js.map: 404 (text/html; charset=utf-8)
warn: Warning: Proxying ignored file: /.well-known/appspecific/com.chrome.devtools.json (matched by .hlxignore)
warn: [2586] Proxy GET request to https://main--mas--adobecom.aem.page/.well-known/appspecific/com.chrome.devtools.json: 404 (text/plain;charset=UTF-8)
warn: [2589] Proxy GET request to https://main--mas--adobecom.aem.page/studio/ost/index.js.map: 404 (text/html; charset=utf-8)
warn: [2593] Proxy GET request to https://main--mas--adobecom.aem.page/studio/libs/swc.js.map: 404 (text/html; charset=utf-8)
warn: [2596] Proxy GET request to https://main--mas--adobecom.aem.page/studio/ost/index.css.map: 404 (text/html; charset=utf-8)
warn: [2595] Proxy GET request to https://main--mas--adobecom.aem.page/studio/libs/spectrum.css.map: 404 (text/html; charset=utf-8)
warn: [2744] Proxy GET request to https://main--mas--adobecom.aem.page/web-components/dist/lit-all.min.js.map: 404 (text/html; charset=utf-8)
warn: [2745] Proxy GET request to https://main--mas--adobecom.aem.page/studio/libs/prosemirror.js.map: 404 (text/html; charset=utf-8)
git HEAD or remotes changed, reconfiguring server...
Updated proxy to https://main--mas--adobecom.aem.page
git HEAD or remotes changed, reconfiguring server...
Updated proxy to https://main--mas--adobecom.aem.page
warn: Warning: Proxying ignored file: /.well-known/appspecific/com.chrome.devtools.json (matched by .hlxignore)
warn: [5819] Proxy GET request to https://main--mas--adobecom.aem.page/.well-known/appspecific/com.chrome.devtools.json: 404 (text/plain;charset=UTF-8)
warn: [5821] Proxy GET request to https://main--mas--adobecom.aem.page/web-components/dist/lit-all.min.js.map: 404 (text/html; charset=utf-8)
warn: [5822] Proxy GET request to https://main--mas--adobecom.aem.page/studio/libs/prosemirror.js.map: 404 (text/html; charset=utf-8)
warn: [5820] Proxy GET request to https://main--mas--adobecom.aem.page/studio/libs/swc.js.map: 404 (text/html; charset=utf-8)
warn: [5823] Proxy GET request to https://main--mas--adobecom.aem.page/studio/libs/spectrum.css.map: 404 (text/html; charset=utf-8)
warn: Warning: Proxying ignored file: /.well-known/appspecific/com.chrome.devtools.json (matched by .hlxignore)
warn: [6188] Proxy GET request to https://main--mas--adobecom.aem.page/.well-known/appspecific/com.chrome.devtools.json: 404 (text/plain;charset=UTF-8)
warn: [6191] Proxy GET request to https://main--mas--adobecom.aem.page/studio/libs/swc.js.map: 404 (text/html; charset=utf-8)
warn: [6192] Proxy GET request to https://main--mas--adobecom.aem.page/studio/libs/spectrum.css.map: 404 (text/html; charset=utf-8)
warn: [6362] Proxy GET request to https://main--mas--adobecom.aem.page/web-components/dist/lit-all.min.js.map: 404 (text/html; charset=utf-8)
warn: [6363] Proxy GET request to https://main--mas--adobecom.aem.page/studio/libs/prosemirror.js.map: 404 (text/html; charset=utf-8)
warn: [6374] Proxy GET request to https://main--mas--adobecom.aem.page/studio/libs/spectrum.css.map: 404 (text/html; charset=utf-8)
warn: [6373] Proxy GET request to https://main--mas--adobecom.aem.page/studio/libs/swc.js.map: 404 (text/html; charset=utf-8)
warn: [6544] Proxy GET request to https://main--mas--adobecom.aem.page/web-components/dist/lit-all.min.js.map: 404 (text/html; charset=utf-8)
warn: [6545] Proxy GET request to https://main--mas--adobecom.aem.page/studio/libs/prosemirror.js.map: 404 (text/html; charset=utf-8)
warn: Warning: Proxying ignored file: /.well-known/appspecific/com.chrome.devtools.json (matched by .hlxignore)
warn: [6915] Proxy GET request to https://main--mas--adobecom.aem.page/.well-known/appspecific/com.chrome.devtools.json: 404 (text/plain;charset=UTF-8)
warn: [6918] Proxy GET request to https://main--mas--adobecom.aem.page/studio/libs/swc.js.map: 404 (text/html; charset=utf-8)
warn: [6919] Proxy GET request to https://main--mas--adobecom.aem.page/studio/libs/spectrum.css.map: 404 (text/html; charset=utf-8)
warn: [7089] Proxy GET request to https://main--mas--adobecom.aem.page/web-components/dist/lit-all.min.js.map: 404 (text/html; charset=utf-8)
warn: [7090] Proxy GET request to https://main--mas--adobecom.aem.page/studio/libs/prosemirror.js.map: 404 (text/html; charset=utf-8)
warn: Warning: Proxying ignored file: /.well-known/appspecific/com.chrome.devtools.json (matched by .hlxignore)
warn: [7100] Proxy GET request to https://main--mas--adobecom.aem.page/.well-known/appspecific/com.chrome.devtools.json: 404 (text/plain;charset=UTF-8)
warn: [7101] Proxy GET request to https://main--mas--adobecom.aem.page/studio/libs/swc.js.map: 404 (text/html; charset=utf-8)
warn: [7102] Proxy GET request to https://main--mas--adobecom.aem.page/studio/libs/spectrum.css.map: 404 (text/html; charset=utf-8)
warn: [7272] Proxy GET request to https://main--mas--adobecom.aem.page/web-components/dist/lit-all.min.js.map: 404 (text/html; charset=utf-8)
warn: [7273] Proxy GET request to https://main--mas--adobecom.aem.page/studio/libs/prosemirror.js.map: 404 (text/html; charset=utf-8)
warn: Warning: Proxying ignored file: /.well-known/appspecific/com.chrome.devtools.json (matched by .hlxignore)
warn: [11932] Proxy GET request to https://main--mas--adobecom.aem.page/.well-known/appspecific/com.chrome.devtools.json: 404 (text/plain;charset=UTF-8)
warn: [11933] Proxy GET request to https://main--mas--adobecom.aem.page/studio/libs/swc.js.map: 404 (text/html; charset=utf-8)
warn: [11935] Proxy GET request to https://main--mas--adobecom.aem.page/studio/libs/prosemirror.js.map: 404 (text/html; charset=utf-8)
warn: [11934] Proxy GET request to https://main--mas--adobecom.aem.page/web-components/dist/lit-all.min.js.map: 404 (text/html; charset=utf-8)
warn: [11936] Proxy GET request to https://main--mas--adobecom.aem.page/studio/libs/spectrum.css.map: 404 (text/html; charset=utf-8)
warn: Warning: Proxying ignored file: /.well-known/appspecific/com.chrome.devtools.json (matched by .hlxignore)
warn: [11962] Proxy GET request to https://main--mas--adobecom.aem.page/.well-known/appspecific/com.chrome.devtools.json: 404 (text/plain;charset=UTF-8)
warn: [12011] Proxy GET request to https://main--mas--adobecom.aem.page/studio/libs/swc.js.map: 404 (text/html; charset=utf-8)
warn: [12012] Proxy GET request to https://main--mas--adobecom.aem.page/studio/libs/spectrum.css.map: 404 (text/html; charset=utf-8)
warn: [12301] Proxy GET request to https://main--mas--adobecom.aem.page/web-components/dist/lit-all.min.js.map: 404 (text/html; charset=utf-8)
warn: [12302] Proxy GET request to https://main--mas--adobecom.aem.page/studio/libs/prosemirror.js.map: 404 (text/html; charset=utf-8)
warn: Warning: Proxying ignored file: /.well-known/appspecific/com.chrome.devtools.json (matched by .hlxignore)
warn: [12524] Proxy GET request to https://main--mas--adobecom.aem.page/.well-known/appspecific/com.chrome.devtools.json: 404 (text/plain;charset=UTF-8)
warn: [12529] Proxy GET request to https://main--mas--adobecom.aem.page/studio/libs/swc.js.map: 404 (text/html; charset=utf-8)
warn: [12532] Proxy GET request to https://main--mas--adobecom.aem.page/studio/libs/spectrum.css.map: 404 (text/html; charset=utf-8)
warn: [13027] Proxy GET request to https://main--mas--adobecom.aem.page/studio/libs/prosemirror.js.map: 404 (text/html; charset=utf-8)
warn: [13026] Proxy GET request to https://main--mas--adobecom.aem.page/web-components/dist/lit-all.min.js.map: 404 (text/html; charset=utf-8)
